====================================================
Phase 7 detection training [fp32]
Model: alexnet_bottleneck
Experiment: phase7_detection
====================================================
Training complete. Best mAP: 0.0000 at epoch 30

============================================================
DETECTION EXPERIMENT: alexnet_bottleneck [FP32]
============================================================

Config saved to runs/phase7/ssd_alexnet_bottleneck_fp32/config.yaml

Loading VOC detection data...
Using downloaded and verified file: /home/users/rsdsouza/.cache/torchvision/datasets/VOCtrainval_06-Nov-2007.tar
Extracting /home/users/rsdsouza/.cache/torchvision/datasets/VOCtrainval_06-Nov-2007.tar to /home/users/rsdsouza/.cache/torchvision/datasets
Using downloaded and verified file: /home/users/rsdsouza/.cache/torchvision/datasets/VOCtrainval_11-May-2012.tar
Extracting /home/users/rsdsouza/.cache/torchvision/datasets/VOCtrainval_11-May-2012.tar to /home/users/rsdsouza/.cache/torchvision/datasets
Using downloaded and verified file: /home/users/rsdsouza/.cache/torchvision/datasets/VOCtest_06-Nov-2007.tar
Extracting /home/users/rsdsouza/.cache/torchvision/datasets/VOCtest_06-Nov-2007.tar to /home/users/rsdsouza/.cache/torchvision/datasets
  Train: 16551 | Val: 4952

Building SSD detector (alexnet_bottleneck)...
  Model ready. Parameter count: 977,472

Starting FP32 training...

Results saved to runs/phase7/ssd_alexnet_bottleneck_fp32/metrics.json
====================================================
Training complete. Results in runs/phase7/
====================================================
